CONFIG 2025-11-22 13:11:16,012 [main][Log4J2Logger.java:210] : Logging policy: Log4J2
CONFIG 2025-11-22 13:11:16,126 [main][Log4J2Logger.java:184] : Factory implementations for category GridCoverageFactory:
  org.geotools.coverage.grid.GridCoverageFactory
CONFIG 2025-11-22 13:11:16,353 [main][Log4J2Logger.java:184] : Factory implementations for category FilterFactory:
  org.geotools.filter.FilterFactoryImpl
CONFIG 2025-11-22 13:11:16,383 [main][Log4J2Logger.java:184] : Factory implementations for category StyleFactory:
  org.geotools.styling.StyleFactoryImpl
CONFIG 2025-11-22 13:11:16,398 [main][Log4J2Logger.java:184] : Factory implementations for category FeatureFactory:
  org.geotools.feature.LenientFeatureFactoryImpl
  org.geotools.feature.ValidatingFeatureFactoryImpl
DEBUG 2025-11-22 13:11:16,856 [main][Log4J2Logger.java:215] : Extension lookup 'XStreamPersisterInitializer', prior to bean geoserverExtensions initialisation.
DEBUG 2025-11-22 13:11:16,857 [main][Log4J2Logger.java:215] : Extension lookup 'ExtensionFilter', prior to bean geoserverExtensions initialisation.
DEBUG 2025-11-22 13:11:16,860 [main][Log4J2Logger.java:215] : Extension lookup 'ExtensionProvider', but provided ApplicationContext is unset.
DEBUG 2025-11-22 13:11:16,861 [main][Log4J2Logger.java:215] : Extension lookup 'ExtensionFilter', but provided ApplicationContext is unset.
DEBUG 2025-11-22 13:11:16,892 [main][Log4J2Logger.java:215] : CONFIGURING GEOSERVER LOGGING -------------------------
22 Nov 13:11:17 CONFIG [geoserver.logging] - Log4j 2 configuration set to DEFAULT_LOGGING.xml
22 Nov 13:11:19 CONFIG [org.geoserver] - GeoServer configuration lock is enabled
22 Nov 13:11:21 CONFIG [geoserver.config] - Loading catalog /opt/geoserver/data_dir
22 Nov 13:11:21 WARN   [config.datadir] - Configured parallelism is invalid: GEOSERVER_DATA_DIR_LOADER_THREADS=0, using default of 16
22 Nov 13:11:21 CONFIG [config.datadir] - Catalog and configuration loader uses 16 threads out of 16 available cores.
22 Nov 13:11:21 INFO   [geoserver.config] - Read Catalog in 291.7 ms: workspaces: 0, namespaces: 0, styles: 5, stores: 0, resources: 0, layers: 0, layer groups: 0.
22 Nov 13:11:21 CONFIG [config.datadir] - Loading GeoServer config...
22 Nov 13:11:21 CONFIG [config.datadir] - Loaded service 'WMSInfoImpl-56847a27:19aabb0ca7b:-7ffb', enabled
22 Nov 13:11:21 CONFIG [config.datadir] - Loaded service 'WFSInfoImpl-56847a27:19aabb0ca7b:-7ffa', enabled
22 Nov 13:11:21 CONFIG [config.datadir] - Loaded service 'WMTSInfoImpl-56847a27:19aabb0ca7b:-7ff9', enabled
22 Nov 13:11:21 CONFIG [config.datadir] - Loaded service 'WCSInfoImpl-56847a27:19aabb0ca7b:-7ff8', enabled
22 Nov 13:11:21 CONFIG [config.datadir] - Loaded service 'WPSInfoImpl-56847a27:19aabb0ca7b:-7ff7', enabled
22 Nov 13:11:21 CONFIG [config.datadir] - Loaded service 'csw', enabled
22 Nov 13:11:21 WARN   [config.datadir] - Configured parallelism is invalid: GEOSERVER_DATA_DIR_LOADER_THREADS=0, using default of 16
22 Nov 13:11:21 CONFIG [config.datadir] - Catalog and configuration loader uses 16 threads out of 16 available cores.
22 Nov 13:11:21 CONFIG [config.datadir] - Loading workspace services and settings...
22 Nov 13:11:22 CONFIG [config.datadir] - GeoServer config (settings and services) loaded in 307.5 ms
22 Nov 13:11:22 CONFIG [gwc.config] - Will look for 'geowebcache.xml' in directory '/opt/geoserver/data_dir/gwc'.
22 Nov 13:11:22 CONFIG [gwc.config] - Create configuration file '/opt/geoserver/data_dir/gwc/geowebcache.xml' from template jar:file:/usr/local/tomcat/webapps/geoserver/WEB-INF/lib/gwc-core-1.28.0.jar!/geowebcache_empty.xml
22 Nov 13:11:22 WARN   [config.XMLConfiguration] - GWC configuration validation error: cvc-elt.1.a: Cannot find the declaration of element 'gwcConfiguration'.
22 Nov 13:11:22 WARN   [config.XMLConfiguration] - Will try to use configuration anyway. Please check the order of declared elements against the schema.
22 Nov 13:11:22 CONFIG [config.XMLConfiguration] - Initializing GridSets from /opt/geoserver/data_dir/gwc
22 Nov 13:11:22 CONFIG [config.XMLConfiguration] - Initializing layers from /opt/geoserver/data_dir/gwc
22 Nov 13:11:22 CONFIG [gwc.layer] - Initializing GWC configuration based on GeoServer's Catalog
22 Nov 13:11:22 CONFIG [gwc.layer] - GeoServer TileLayer store base directory is: gwc-layers
22 Nov 13:11:22 CONFIG [gwc.layer] - Loading tile layers from gwc-layers
22 Nov 13:11:22 CONFIG [gwc.layer] - Loaded 0 tile layers in 2.743 ms
22 Nov 13:11:22 CONFIG [storage.BlobStoreAggregator] - BlobStoreConfiguration /opt/geoserver/data_dir/gwc contained no blob store infos.
22 Nov 13:11:22 CONFIG [storage.DefaultStorageFinder] - Found system environment variable GEOWEBCACHE_CACHE_DIR set to /opt/geoserver/data_dir/gwc, using it as the default prefix.
22 Nov 13:11:22 CONFIG [gwc.config] - Initializing GeoServer specific GWC configuration from gwc-gs.xml
22 Nov 13:11:23 INFO   [flow.config] - Loaded control-flow rule: ows.global=100
22 Nov 13:11:23 INFO   [flow.config] - Loaded control-flow rule: ows.wms.getmap=10
22 Nov 13:11:23 INFO   [flow.config] - Loaded control-flow rule: ows.wfs.getfeature.application/msexcel=4
22 Nov 13:11:23 INFO   [flow.config] - Loaded control-flow rule: user=6
22 Nov 13:11:23 INFO   [flow.config] - Loaded control-flow rule: ows.gwc=16
22 Nov 13:11:23 INFO   [flow.config] - Loaded control-flow rule: user.ows.wps.execute=1000/d;30s
22 Nov 13:11:23 INFO   [flow.config] - Loaded control-flow rule: user.ows.wms.getmap=30/s
22 Nov 13:11:23 INFO   [flow.config] - Loaded control-flow rule: ip=10
22 Nov 13:11:23 CONFIG [geoserver.flow] - Control-flow active with 8 flow controllers
22 Nov 13:11:23 INFO   [security.csp] - Creating csp.xml with the default configuration
22 Nov 13:11:23 INFO   [security.csp] - Creating csp_default.xml with the default configuration
22 Nov 13:11:24 CONFIG [gwc.config] - Will look for 'geowebcache-diskquota.xml' in directory '/opt/geoserver/data_dir/gwc'.
22 Nov 13:11:24 CONFIG [gwc.config] - Will look for 'geowebcache-diskquota-jdbc.xml' in directory '/opt/geoserver/data_dir/gwc'.
22 Nov 13:11:24 CONFIG [diskquota.ConfigLoader] - Quota config is: /opt/geoserver/data_dir/gwc/geowebcache-diskquota.xml
22 Nov 13:11:24 CONFIG [diskquota.ConfigLoader] - Quota config is: /opt/geoserver/data_dir/gwc/geowebcache-diskquota.xml
22 Nov 13:11:25 WARN   [turbojpeg.TurboJPEGMapResponse] - The turbo jpeg encoder is available for usage
22 Nov 13:11:26 CONFIG [geowebcache.GeoWebCacheDispatcher] - Invoked setServletPrefix(gwc)
22 Nov 13:11:26 CONFIG [wms.WMSService] - Will NOT recombine tiles for non-tiling clients.
22 Nov 13:11:26 CONFIG [wms.WMSService] - Will proxy requests to backend that are not getmap or getcapabilities.
22 Nov 13:11:26 WARN   [codec.ImageEncoderImpl] - Preferred SPI not found, using the first available one: com.sun.imageio.plugins.tiff.TIFFImageWriterSpi
22 Nov 13:11:27 CONFIG [geoserver.security] - AuthenticationCache Initialized with 1000 Max Entries, 300 seconds idle time, 600 seconds time to live and 3 concurrency level
22 Nov 13:11:27 CONFIG [geoserver.security] - AuthenticationCache Eviction Task created to run every 600 seconds
22 Nov 13:11:30 CONFIG [geoserver.wps] - Found 7 bindable processes in GeoServer specific processes
22 Nov 13:11:30 CONFIG [geoserver.wps] - Found 89 bindable processes in Deprecated processes
22 Nov 13:11:30 CONFIG [geoserver.wps] - Blacklisting process ras:ConvolveCoverage as the input kernel of type class org.eclipse.imagen.KernelImageN cannot be handled
22 Nov 13:11:30 CONFIG [geoserver.wps] - Blacklisting process ras:RasterZonalStatistics2 as the input zones of type class java.lang.Object cannot be handled
22 Nov 13:11:30 CONFIG [geoserver.wps] - Blacklisting process ras:RasterZonalStatistics2 as the input rangeData of type class java.lang.Object cannot be handled
22 Nov 13:11:30 CONFIG [geoserver.wps] - Blacklisting process ras:RasterZonalStatistics2 as the output zonal statistics of type interface java.util.List cannot be handled
22 Nov 13:11:30 CONFIG [geoserver.wps] - Found 18 bindable processes in Raster processes
22 Nov 13:11:30 CONFIG [geoserver.wps] - Blacklisting process vec:GroupCandidateSelection as the input groupingAttributes of type class java.lang.Object cannot be handled
22 Nov 13:11:30 CONFIG [geoserver.wps] - Found 31 bindable processes in Vector processes
22 Nov 13:11:30 CONFIG [geoserver.wps] - Found 48 bindable processes in Geometry processes
22 Nov 13:11:30 CONFIG [geoserver.wps] - Found 1 bindable processes in PolygonLabelProcess
22 Nov 13:11:30 CONFIG [geoserver.wps] - Found 1 bindable processes in geo
22 Nov 13:11:30 CONFIG [geoserver.wps] - Found 1 bindable processes in geo
22 Nov 13:11:31 INFO   [geoserver.monitor] - Monitor extension enabled
22 Nov 13:11:32 CONFIG [diskquota.ConfigLoader] - Quota config is: /opt/geoserver/data_dir/gwc/geowebcache-diskquota.xml
22 Nov 13:11:32 CONFIG [diskquota.DiskQuotaMonitor] - Setting up disk quota periodic enforcement task
22 Nov 13:11:32 CONFIG [diskquota.DiskQuotaMonitor] - 0 layers configured with their own quotas. 
22 Nov 13:11:32 CONFIG [diskquota.DiskQuotaMonitor] - 0 layers attached to global quota 20.0 GB
22 Nov 13:11:32 CONFIG [diskquota.DiskQuotaMonitor] - Disk quota periodic enforcement task set up every 5 SECONDS
22 Nov 13:11:35 INFO   [geoserver.security] - Strong cryptography is available
22 Nov 13:11:36 CONFIG [geoserver.security] - Start reloading user/groups for service named default
22 Nov 13:11:36 CONFIG [geoserver.security] - Reloading user/groups successful for service named default
22 Nov 13:11:36 INFO   [geoserver.security] - Start encrypting configuration passwords using strongPbePasswordEncoder
22 Nov 13:11:36 INFO   [geoserver.security] - End encrypting configuration passwords
22 Nov 13:11:37 INFO   [config.XMLConfiguration] - Wrote configuration to /opt/geoserver/data_dir/gwc
22 Nov 13:12:09 WARN   [servlet.PageNotFound] - No mapping for GET /geoserver/projet_nell_clara/wms
22 Nov 13:12:09 WARN   [servlet.PageNotFound] - No mapping for GET /geoserver/projet_nell_clara/wms
22 Nov 13:12:09 WARN   [servlet.PageNotFound] - No mapping for GET /geoserver/projet_nell_clara/wms
22 Nov 13:12:09 WARN   [servlet.PageNotFound] - No mapping for GET /geoserver/projet_nell_clara/wms
22 Nov 13:12:09 WARN   [servlet.PageNotFound] - No mapping for GET /geoserver/projet_nell_clara/wms
22 Nov 13:12:09 WARN   [servlet.PageNotFound] - No mapping for GET /geoserver/projet_nell_clara/wms
22 Nov 13:12:09 WARN   [servlet.PageNotFound] - No mapping for GET /geoserver/projet_nell_clara/wms
22 Nov 13:12:09 WARN   [servlet.PageNotFound] - No mapping for GET /geoserver/projet_nell_clara/wms
22 Nov 13:12:09 WARN   [servlet.PageNotFound] - No mapping for GET /geoserver/projet_nell_clara/wms
22 Nov 13:12:09 WARN   [servlet.PageNotFound] - No mapping for GET /geoserver/projet_nell_clara/wms
22 Nov 13:12:09 WARN   [servlet.PageNotFound] - No mapping for GET /geoserver/projet_nell_clara/wms
22 Nov 13:12:09 WARN   [servlet.PageNotFound] - No mapping for GET /geoserver/projet_nell_clara/wms
22 Nov 13:12:09 WARN   [servlet.PageNotFound] - No mapping for GET /geoserver/projet_nell_clara/wms
22 Nov 13:12:09 WARN   [servlet.PageNotFound] - No mapping for GET /geoserver/projet_nell_clara/wms
22 Nov 13:12:09 WARN   [servlet.PageNotFound] - No mapping for GET /geoserver/projet_nell_clara/wms
